DB - 2018-11-26 04:56:00 --> select * from rbac_menu
            where menu_id in(
                select parent from rbac_menu
                where permission_id in(
                    select permission_id 
                    from rbac_role_permissions rrp
                    WHERE rrp.role_id IN(7)
                    and lower(rrp.status)='active'
                )
            )
            union all
                select * from rbac_menu
                where permission_id in(
                    select permission_id 
                    from rbac_role_permissions rrp
                    WHERE rrp.role_id IN(7)
                    and lower(rrp.status)='active'
                )
              AND lower(menu_type)='l' 
 Execution Time:0.0020439624786377
DB - 2018-11-26 04:56:08 --> select * from rbac_menu
            where menu_id in(
                select parent from rbac_menu
                where permission_id in(
                    select permission_id 
                    from rbac_role_permissions rrp
                    WHERE rrp.role_id IN(7)
                    and lower(rrp.status)='active'
                )
            )
            union all
                select * from rbac_menu
                where permission_id in(
                    select permission_id 
                    from rbac_role_permissions rrp
                    WHERE rrp.role_id IN(7)
                    and lower(rrp.status)='active'
                )
              AND lower(menu_type)='l' 
 Execution Time:0.002324104309082
DB - 2018-11-26 04:56:12 --> SELECT `bauthor_id`, `bauthor_id`
FROM `book_author_masters` `t1` 
 Execution Time:0.00036120414733887
DB - 2018-11-26 04:56:12 --> SELECT `bcategory_id`, `bcategory_id`
FROM `book_category_masters` `t1` 
 Execution Time:0.00031590461730957
DB - 2018-11-26 04:56:12 --> SELECT `book_id`, `book_id`
FROM `books` `t1` 
 Execution Time:0.00024509429931641
DB - 2018-11-26 04:56:12 --> SELECT `blocation_id`, `blocation_id`
FROM `book_location_masters` `t1` 
 Execution Time:0.00032496452331543
DB - 2018-11-26 04:56:12 --> SELECT `publication_id`, `publication_id`
FROM `book_publication_masters` `t1` 
 Execution Time:0.0003361701965332
DB - 2018-11-26 04:56:12 --> select * from rbac_menu
            where menu_id in(
                select parent from rbac_menu
                where permission_id in(
                    select permission_id 
                    from rbac_role_permissions rrp
                    WHERE rrp.role_id IN(7)
                    and lower(rrp.status)='active'
                )
            )
            union all
                select * from rbac_menu
                where permission_id in(
                    select permission_id 
                    from rbac_role_permissions rrp
                    WHERE rrp.role_id IN(7)
                    and lower(rrp.status)='active'
                )
              AND lower(menu_type)='l' 
 Execution Time:0.0028071403503418
DB - 2018-11-26 16:29:41 --> select * from rbac_menu
            where menu_id in(
                select parent from rbac_menu
                where permission_id in(
                    select permission_id 
                    from rbac_role_permissions rrp
                    WHERE rrp.role_id IN(7)
                    and lower(rrp.status)='active'
                )
            )
            union all
                select * from rbac_menu
                where permission_id in(
                    select permission_id 
                    from rbac_role_permissions rrp
                    WHERE rrp.role_id IN(7)
                    and lower(rrp.status)='active'
                )
              AND lower(menu_type)='l' 
 Execution Time:0.45386219024658
DB - 2018-11-26 16:29:51 --> select * from rbac_menu
            where menu_id in(
                select parent from rbac_menu
                where permission_id in(
                    select permission_id 
                    from rbac_role_permissions rrp
                    WHERE rrp.role_id IN(7)
                    and lower(rrp.status)='active'
                )
            )
            union all
                select * from rbac_menu
                where permission_id in(
                    select permission_id 
                    from rbac_role_permissions rrp
                    WHERE rrp.role_id IN(7)
                    and lower(rrp.status)='active'
                )
              AND lower(menu_type)='l' 
 Execution Time:0.15676093101501
DB - 2018-11-26 16:29:55 --> SELECT `bauthor_id`, `bauthor_id`
FROM `book_author_masters` `t1` 
 Execution Time:0.33865404129028
DB - 2018-11-26 16:29:55 --> SELECT `bcategory_id`, `bcategory_id`
FROM `book_category_masters` `t1` 
 Execution Time:0.020364046096802
DB - 2018-11-26 16:29:55 --> SELECT `book_id`, `book_id`
FROM `books` `t1` 
 Execution Time:0.018087148666382
DB - 2018-11-26 16:29:55 --> SELECT `blocation_id`, `blocation_id`
FROM `book_location_masters` `t1` 
 Execution Time:0.10314178466797
DB - 2018-11-26 16:29:55 --> SELECT `publication_id`, `publication_id`
FROM `book_publication_masters` `t1` 
 Execution Time:0.066895008087158
DB - 2018-11-26 16:29:55 --> select * from rbac_menu
            where menu_id in(
                select parent from rbac_menu
                where permission_id in(
                    select permission_id 
                    from rbac_role_permissions rrp
                    WHERE rrp.role_id IN(7)
                    and lower(rrp.status)='active'
                )
            )
            union all
                select * from rbac_menu
                where permission_id in(
                    select permission_id 
                    from rbac_role_permissions rrp
                    WHERE rrp.role_id IN(7)
                    and lower(rrp.status)='active'
                )
              AND lower(menu_type)='l' 
 Execution Time:0.0059900283813477
DB - 2018-11-26 16:31:07 --> SELECT `bauthor_id`, `bauthor_id`
FROM `book_author_masters` `t1` 
 Execution Time:0.025274038314819
DB - 2018-11-26 16:31:07 --> SELECT `bcategory_id`, `bcategory_id`
FROM `book_category_masters` `t1` 
 Execution Time:0.016607999801636
DB - 2018-11-26 16:31:07 --> SELECT `book_id`, `book_id`
FROM `books` `t1` 
 Execution Time:0.01920485496521
DB - 2018-11-26 16:31:07 --> SELECT `blocation_id`, `blocation_id`
FROM `book_location_masters` `t1` 
 Execution Time:0.0017859935760498
DB - 2018-11-26 16:31:07 --> SELECT `publication_id`, `publication_id`
FROM `book_publication_masters` `t1` 
 Execution Time:0.017848014831543
DB - 2018-11-26 16:31:07 --> select * from rbac_menu
            where menu_id in(
                select parent from rbac_menu
                where permission_id in(
                    select permission_id 
                    from rbac_role_permissions rrp
                    WHERE rrp.role_id IN(7)
                    and lower(rrp.status)='active'
                )
            )
            union all
                select * from rbac_menu
                where permission_id in(
                    select permission_id 
                    from rbac_role_permissions rrp
                    WHERE rrp.role_id IN(7)
                    and lower(rrp.status)='active'
                )
              AND lower(menu_type)='l' 
 Execution Time:0.011046886444092
DB - 2018-11-26 16:31:43 --> SELECT `bauthor_id`, `bauthor_id`
FROM `book_author_masters` `t1` 
 Execution Time:0.0004119873046875
DB - 2018-11-26 16:31:43 --> SELECT `bcategory_id`, `bcategory_id`
FROM `book_category_masters` `t1` 
 Execution Time:0.0003211498260498
DB - 2018-11-26 16:31:43 --> SELECT `book_id`, `book_id`
FROM `books` `t1` 
 Execution Time:0.00023293495178223
DB - 2018-11-26 16:31:43 --> SELECT `blocation_id`, `blocation_id`
FROM `book_location_masters` `t1` 
 Execution Time:0.00023198127746582
DB - 2018-11-26 16:31:43 --> SELECT `publication_id`, `publication_id`
FROM `book_publication_masters` `t1` 
 Execution Time:0.00026893615722656
DB - 2018-11-26 16:31:43 --> select * from rbac_menu
            where menu_id in(
                select parent from rbac_menu
                where permission_id in(
                    select permission_id 
                    from rbac_role_permissions rrp
                    WHERE rrp.role_id IN(7)
                    and lower(rrp.status)='active'
                )
            )
            union all
                select * from rbac_menu
                where permission_id in(
                    select permission_id 
                    from rbac_role_permissions rrp
                    WHERE rrp.role_id IN(7)
                    and lower(rrp.status)='active'
                )
              AND lower(menu_type)='l' 
 Execution Time:0.0011320114135742
DB - 2018-11-26 16:33:56 --> SELECT `bauthor_id`, `bauthor_id`
FROM `book_author_masters` `t1` 
 Execution Time:0.097679138183594
DB - 2018-11-26 16:33:56 --> SELECT `bcategory_id`, `bcategory_id`
FROM `book_category_masters` `t1` 
 Execution Time:0.015954971313477
DB - 2018-11-26 16:33:56 --> SELECT `book_id`, `name`
FROM `books` `t1` 
 Execution Time:0.0058491230010986
DB - 2018-11-26 16:33:56 --> SELECT `blocation_id`, `blocation_id`
FROM `book_location_masters` `t1` 
 Execution Time:0.027256965637207
DB - 2018-11-26 16:33:56 --> SELECT `publication_id`, `publication_id`
FROM `book_publication_masters` `t1` 
 Execution Time:0.043339014053345
DB - 2018-11-26 16:33:56 --> select * from rbac_menu
            where menu_id in(
                select parent from rbac_menu
                where permission_id in(
                    select permission_id 
                    from rbac_role_permissions rrp
                    WHERE rrp.role_id IN(7)
                    and lower(rrp.status)='active'
                )
            )
            union all
                select * from rbac_menu
                where permission_id in(
                    select permission_id 
                    from rbac_role_permissions rrp
                    WHERE rrp.role_id IN(7)
                    and lower(rrp.status)='active'
                )
              AND lower(menu_type)='l' 
 Execution Time:0.027658939361572
DB - 2018-11-26 16:34:21 --> SELECT `bauthor_id`, `bauthor_id`
FROM `book_author_masters` `t1` 
 Execution Time:0.00036382675170898
DB - 2018-11-26 16:34:21 --> SELECT `bcategory_id`, `bcategory_id`
FROM `book_category_masters` `t1` 
 Execution Time:0.00035619735717773
DB - 2018-11-26 16:34:21 --> SELECT `name`, `book_id`
FROM `books` `t1` 
 Execution Time:0.00025582313537598
DB - 2018-11-26 16:34:21 --> SELECT `blocation_id`, `blocation_id`
FROM `book_location_masters` `t1` 
 Execution Time:0.0002291202545166
DB - 2018-11-26 16:34:21 --> SELECT `publication_id`, `publication_id`
FROM `book_publication_masters` `t1` 
 Execution Time:0.00023198127746582
DB - 2018-11-26 16:34:21 --> select * from rbac_menu
            where menu_id in(
                select parent from rbac_menu
                where permission_id in(
                    select permission_id 
                    from rbac_role_permissions rrp
                    WHERE rrp.role_id IN(7)
                    and lower(rrp.status)='active'
                )
            )
            union all
                select * from rbac_menu
                where permission_id in(
                    select permission_id 
                    from rbac_role_permissions rrp
                    WHERE rrp.role_id IN(7)
                    and lower(rrp.status)='active'
                )
              AND lower(menu_type)='l' 
 Execution Time:0.00098395347595215
DB - 2018-11-26 16:36:08 --> SELECT `bauthor_id`, `bauthor_id`
FROM `book_author_masters` `t1` 
 Execution Time:0.00060296058654785
DB - 2018-11-26 16:36:08 --> SELECT `bcategory_id`, `bcategory_id`
FROM `book_category_masters` `t1` 
 Execution Time:0.00041508674621582
DB - 2018-11-26 16:36:08 --> SELECT `name`, `book_id`
FROM `books` `t1` 
 Execution Time:0.00035214424133301
DB - 2018-11-26 16:36:08 --> SELECT `blocation_id`, `blocation_id`
FROM `book_location_masters` `t1` 
 Execution Time:0.00032210350036621
DB - 2018-11-26 16:36:08 --> SELECT `publication_id`, `publication_id`
FROM `book_publication_masters` `t1` 
 Execution Time:0.00032591819763184
DB - 2018-11-26 16:36:08 --> select * from rbac_menu
            where menu_id in(
                select parent from rbac_menu
                where permission_id in(
                    select permission_id 
                    from rbac_role_permissions rrp
                    WHERE rrp.role_id IN(7)
                    and lower(rrp.status)='active'
                )
            )
            union all
                select * from rbac_menu
                where permission_id in(
                    select permission_id 
                    from rbac_role_permissions rrp
                    WHERE rrp.role_id IN(7)
                    and lower(rrp.status)='active'
                )
              AND lower(menu_type)='l' 
 Execution Time:0.001270055770874
DB - 2018-11-26 16:37:09 --> SELECT `bauthor_id`, `bauthor_id`
FROM `book_author_masters` `t1` 
 Execution Time:0.00032591819763184
DB - 2018-11-26 16:37:09 --> SELECT `bcategory_id`, `bcategory_id`
FROM `book_category_masters` `t1` 
 Execution Time:0.00043988227844238
DB - 2018-11-26 16:37:09 --> SELECT `name`, `book_id`
FROM `books` `t1` 
 Execution Time:0.0003509521484375
DB - 2018-11-26 16:37:09 --> SELECT `blocation_id`, `blocation_id`
FROM `book_location_masters` `t1` 
 Execution Time:0.00030112266540527
DB - 2018-11-26 16:37:09 --> SELECT `publication_id`, `publication_id`
FROM `book_publication_masters` `t1` 
 Execution Time:0.00025820732116699
DB - 2018-11-26 16:37:09 --> select * from rbac_menu
            where menu_id in(
                select parent from rbac_menu
                where permission_id in(
                    select permission_id 
                    from rbac_role_permissions rrp
                    WHERE rrp.role_id IN(7)
                    and lower(rrp.status)='active'
                )
            )
            union all
                select * from rbac_menu
                where permission_id in(
                    select permission_id 
                    from rbac_role_permissions rrp
                    WHERE rrp.role_id IN(7)
                    and lower(rrp.status)='active'
                )
              AND lower(menu_type)='l' 
 Execution Time:0.001276969909668
DB - 2018-11-26 16:37:37 --> select * from rbac_menu
            where menu_id in(
                select parent from rbac_menu
                where permission_id in(
                    select permission_id 
                    from rbac_role_permissions rrp
                    WHERE rrp.role_id IN(7)
                    and lower(rrp.status)='active'
                )
            )
            union all
                select * from rbac_menu
                where permission_id in(
                    select permission_id 
                    from rbac_role_permissions rrp
                    WHERE rrp.role_id IN(7)
                    and lower(rrp.status)='active'
                )
              AND lower(menu_type)='l' 
 Execution Time:0.0012729167938232
DB - 2018-11-26 16:37:42 --> select * from rbac_menu
            where menu_id in(
                select parent from rbac_menu
                where permission_id in(
                    select permission_id 
                    from rbac_role_permissions rrp
                    WHERE rrp.role_id IN(7)
                    and lower(rrp.status)='active'
                )
            )
            union all
                select * from rbac_menu
                where permission_id in(
                    select permission_id 
                    from rbac_role_permissions rrp
                    WHERE rrp.role_id IN(7)
                    and lower(rrp.status)='active'
                )
              AND lower(menu_type)='l' 
 Execution Time:0.00094509124755859
DB - 2018-11-26 16:39:02 --> select * from rbac_menu
            where menu_id in(
                select parent from rbac_menu
                where permission_id in(
                    select permission_id 
                    from rbac_role_permissions rrp
                    WHERE rrp.role_id IN(7)
                    and lower(rrp.status)='active'
                )
            )
            union all
                select * from rbac_menu
                where permission_id in(
                    select permission_id 
                    from rbac_role_permissions rrp
                    WHERE rrp.role_id IN(7)
                    and lower(rrp.status)='active'
                )
              AND lower(menu_type)='l' 
 Execution Time:0.0012421607971191
DB - 2018-11-26 16:39:08 --> SELECT `bauthor_id`, `bauthor_id`
FROM `book_author_masters` `t1` 
 Execution Time:0.00045585632324219
DB - 2018-11-26 16:39:08 --> SELECT `bcategory_id`, `bcategory_id`
FROM `book_category_masters` `t1` 
 Execution Time:0.0003359317779541
DB - 2018-11-26 16:39:08 --> SELECT `name`, `book_id`
FROM `books` `t1` 
 Execution Time:0.0005030632019043
DB - 2018-11-26 16:39:08 --> SELECT `blocation_id`, `blocation_id`
FROM `book_location_masters` `t1` 
 Execution Time:0.00026798248291016
DB - 2018-11-26 16:39:08 --> SELECT `publication_id`, `publication_id`
FROM `book_publication_masters` `t1` 
 Execution Time:0.00023293495178223
DB - 2018-11-26 16:39:08 --> select * from rbac_menu
            where menu_id in(
                select parent from rbac_menu
                where permission_id in(
                    select permission_id 
                    from rbac_role_permissions rrp
                    WHERE rrp.role_id IN(7)
                    and lower(rrp.status)='active'
                )
            )
            union all
                select * from rbac_menu
                where permission_id in(
                    select permission_id 
                    from rbac_role_permissions rrp
                    WHERE rrp.role_id IN(7)
                    and lower(rrp.status)='active'
                )
              AND lower(menu_type)='l' 
 Execution Time:0.00086784362792969
DB - 2018-11-26 16:39:28 --> SELECT `bauthor_id`, `bauthor_id`
FROM `book_author_masters` `t1` 
 Execution Time:0.00047397613525391
DB - 2018-11-26 16:39:28 --> SELECT `name`, `bcategory_id`
FROM `book_category_masters` `t1` 
 Execution Time:0.00040102005004883
DB - 2018-11-26 16:39:28 --> SELECT `name`, `book_id`
FROM `books` `t1` 
 Execution Time:0.00024008750915527
DB - 2018-11-26 16:39:28 --> SELECT `blocation_id`, `blocation_id`
FROM `book_location_masters` `t1` 
 Execution Time:0.00023412704467773
DB - 2018-11-26 16:39:28 --> SELECT `publication_id`, `publication_id`
FROM `book_publication_masters` `t1` 
 Execution Time:0.00022411346435547
DB - 2018-11-26 16:39:28 --> select * from rbac_menu
            where menu_id in(
                select parent from rbac_menu
                where permission_id in(
                    select permission_id 
                    from rbac_role_permissions rrp
                    WHERE rrp.role_id IN(7)
                    and lower(rrp.status)='active'
                )
            )
            union all
                select * from rbac_menu
                where permission_id in(
                    select permission_id 
                    from rbac_role_permissions rrp
                    WHERE rrp.role_id IN(7)
                    and lower(rrp.status)='active'
                )
              AND lower(menu_type)='l' 
 Execution Time:0.00092697143554688
DB - 2018-11-26 16:40:24 --> SELECT `bauthor_id`, `bauthor_id`
FROM `book_author_masters` `t1` 
 Execution Time:0.0003960132598877
DB - 2018-11-26 16:40:24 --> SELECT `name`, `bcategory_id`
FROM `book_category_masters` `t1` 
 Execution Time:0.00040507316589355
DB - 2018-11-26 16:40:24 --> SELECT `name`, `book_id`
FROM `books` `t1` 
 Execution Time:0.00025105476379395
DB - 2018-11-26 16:40:24 --> SELECT `blocation_id`, `blocation_id`
FROM `book_location_masters` `t1` 
 Execution Time:0.00022697448730469
DB - 2018-11-26 16:40:24 --> SELECT `name`, `publication_id`
FROM `book_publication_masters` `t1` 
 Execution Time:0.099774122238159
DB - 2018-11-26 16:40:24 --> select * from rbac_menu
            where menu_id in(
                select parent from rbac_menu
                where permission_id in(
                    select permission_id 
                    from rbac_role_permissions rrp
                    WHERE rrp.role_id IN(7)
                    and lower(rrp.status)='active'
                )
            )
            union all
                select * from rbac_menu
                where permission_id in(
                    select permission_id 
                    from rbac_role_permissions rrp
                    WHERE rrp.role_id IN(7)
                    and lower(rrp.status)='active'
                )
              AND lower(menu_type)='l' 
 Execution Time:0.0026230812072754
DB - 2018-11-26 16:41:35 --> SELECT `bauthor_id`, `bauthor_id`
FROM `book_author_masters` `t1` 
 Execution Time:0.00034594535827637
DB - 2018-11-26 16:41:35 --> SELECT `name`, `bcategory_id`
FROM `book_category_masters` `t1` 
 Execution Time:0.00034689903259277
DB - 2018-11-26 16:41:35 --> SELECT `name`, `book_id`
FROM `books` `t1` 
 Execution Time:0.00023984909057617
DB - 2018-11-26 16:41:35 --> SELECT `blocation_id`, `blocation_id`
FROM `book_location_masters` `t1` 
 Execution Time:0.00030708312988281
DB - 2018-11-26 16:41:35 --> SELECT `name`, `publication_id`
FROM `book_publication_masters` `t1` 
 Execution Time:0.00026392936706543
DB - 2018-11-26 16:41:35 --> select * from rbac_menu
            where menu_id in(
                select parent from rbac_menu
                where permission_id in(
                    select permission_id 
                    from rbac_role_permissions rrp
                    WHERE rrp.role_id IN(7)
                    and lower(rrp.status)='active'
                )
            )
            union all
                select * from rbac_menu
                where permission_id in(
                    select permission_id 
                    from rbac_role_permissions rrp
                    WHERE rrp.role_id IN(7)
                    and lower(rrp.status)='active'
                )
              AND lower(menu_type)='l' 
 Execution Time:0.00095391273498535
DB - 2018-11-26 16:42:45 --> SELECT `author_name`, `bauthor_id`
FROM `book_author_masters` `t1` 
 Execution Time:0.0004279613494873
DB - 2018-11-26 16:42:45 --> SELECT `name`, `bcategory_id`
FROM `book_category_masters` `t1` 
 Execution Time:0.0003361701965332
DB - 2018-11-26 16:42:45 --> SELECT `name`, `book_id`
FROM `books` `t1` 
 Execution Time:0.00020599365234375
DB - 2018-11-26 16:42:45 --> SELECT `blocation_id`, `blocation_id`
FROM `book_location_masters` `t1` 
 Execution Time:0.00023794174194336
DB - 2018-11-26 16:42:45 --> SELECT `name`, `publication_id`
FROM `book_publication_masters` `t1` 
 Execution Time:0.00038599967956543
DB - 2018-11-26 16:42:45 --> select * from rbac_menu
            where menu_id in(
                select parent from rbac_menu
                where permission_id in(
                    select permission_id 
                    from rbac_role_permissions rrp
                    WHERE rrp.role_id IN(7)
                    and lower(rrp.status)='active'
                )
            )
            union all
                select * from rbac_menu
                where permission_id in(
                    select permission_id 
                    from rbac_role_permissions rrp
                    WHERE rrp.role_id IN(7)
                    and lower(rrp.status)='active'
                )
              AND lower(menu_type)='l' 
 Execution Time:0.0010778903961182
DB - 2018-11-26 16:43:09 --> SELECT `author_name`, `bauthor_id`
FROM `book_author_masters` `t1` 
 Execution Time:0.00038003921508789
DB - 2018-11-26 16:43:09 --> SELECT `name`, `bcategory_id`
FROM `book_category_masters` `t1` 
 Execution Time:0.0003659725189209
DB - 2018-11-26 16:43:09 --> SELECT `name`, `book_id`
FROM `books` `t1` 
 Execution Time:0.00077009201049805
DB - 2018-11-26 16:43:09 --> SELECT `blocation_id`, `blocation_id`
FROM `book_location_masters` `t1` 
 Execution Time:0.00031590461730957
DB - 2018-11-26 16:43:09 --> SELECT `name`, `publication_id`
FROM `book_publication_masters` `t1` 
 Execution Time:0.0012500286102295
DB - 2018-11-26 16:43:09 --> select * from rbac_menu
            where menu_id in(
                select parent from rbac_menu
                where permission_id in(
                    select permission_id 
                    from rbac_role_permissions rrp
                    WHERE rrp.role_id IN(7)
                    and lower(rrp.status)='active'
                )
            )
            union all
                select * from rbac_menu
                where permission_id in(
                    select permission_id 
                    from rbac_role_permissions rrp
                    WHERE rrp.role_id IN(7)
                    and lower(rrp.status)='active'
                )
              AND lower(menu_type)='l' 
 Execution Time:0.00098204612731934
DB - 2018-11-26 16:43:57 --> SELECT `author_name`, `bauthor_id`
FROM `book_author_masters` `t1` 
 Execution Time:0.00037097930908203
DB - 2018-11-26 16:43:57 --> SELECT `name`, `bcategory_id`
FROM `book_category_masters` `t1` 
 Execution Time:0.00042486190795898
DB - 2018-11-26 16:43:57 --> SELECT `name`, `book_id`
FROM `books` `t1` 
 Execution Time:0.00033283233642578
DB - 2018-11-26 16:43:57 --> SELECT `blocation_id`, `blocation_id`
FROM `book_location_masters` `t1` 
 Execution Time:0.00032687187194824
DB - 2018-11-26 16:43:57 --> SELECT `name`, `publication_id`
FROM `book_publication_masters` `t1` 
 Execution Time:0.00033688545227051
DB - 2018-11-26 16:43:57 --> select * from rbac_menu
            where menu_id in(
                select parent from rbac_menu
                where permission_id in(
                    select permission_id 
                    from rbac_role_permissions rrp
                    WHERE rrp.role_id IN(7)
                    and lower(rrp.status)='active'
                )
            )
            union all
                select * from rbac_menu
                where permission_id in(
                    select permission_id 
                    from rbac_role_permissions rrp
                    WHERE rrp.role_id IN(7)
                    and lower(rrp.status)='active'
                )
              AND lower(menu_type)='l' 
 Execution Time:0.00095391273498535
DB - 2018-11-26 16:44:33 --> SELECT `author_name`, `bauthor_id`
FROM `book_author_masters` `t1` 
 Execution Time:0.0012261867523193
DB - 2018-11-26 16:44:33 --> SELECT `name`, `bcategory_id`
FROM `book_category_masters` `t1` 
 Execution Time:0.00038909912109375
DB - 2018-11-26 16:44:33 --> SELECT `name`, `book_id`
FROM `books` `t1` 
 Execution Time:0.00036883354187012
DB - 2018-11-26 16:44:33 --> SELECT `floor`, `blocation_id`
FROM `book_location_masters` `t1` 
 Execution Time:0.00043797492980957
DB - 2018-11-26 16:44:33 --> SELECT `name`, `publication_id`
FROM `book_publication_masters` `t1` 
 Execution Time:0.00026512145996094
DB - 2018-11-26 16:44:33 --> select * from rbac_menu
            where menu_id in(
                select parent from rbac_menu
                where permission_id in(
                    select permission_id 
                    from rbac_role_permissions rrp
                    WHERE rrp.role_id IN(7)
                    and lower(rrp.status)='active'
                )
            )
            union all
                select * from rbac_menu
                where permission_id in(
                    select permission_id 
                    from rbac_role_permissions rrp
                    WHERE rrp.role_id IN(7)
                    and lower(rrp.status)='active'
                )
              AND lower(menu_type)='l' 
 Execution Time:0.0014219284057617
DB - 2018-11-26 16:44:55 --> SELECT `author_name`, `bauthor_id`
FROM `book_author_masters` `t1` 
 Execution Time:0.0004119873046875
DB - 2018-11-26 16:44:55 --> SELECT `name`, `bcategory_id`
FROM `book_category_masters` `t1` 
 Execution Time:0.00035500526428223
DB - 2018-11-26 16:44:55 --> SELECT `name`, `book_id`
FROM `books` `t1` 
 Execution Time:0.00023508071899414
DB - 2018-11-26 16:44:55 --> SELECT `floor`, `block`, `blocation_id`
FROM `book_location_masters` `t1` 
 Execution Time:0.00024199485778809
DB - 2018-11-26 16:44:55 --> SELECT `name`, `publication_id`
FROM `book_publication_masters` `t1` 
 Execution Time:0.00037097930908203
DB - 2018-11-26 16:44:55 --> select * from rbac_menu
            where menu_id in(
                select parent from rbac_menu
                where permission_id in(
                    select permission_id 
                    from rbac_role_permissions rrp
                    WHERE rrp.role_id IN(7)
                    and lower(rrp.status)='active'
                )
            )
            union all
                select * from rbac_menu
                where permission_id in(
                    select permission_id 
                    from rbac_role_permissions rrp
                    WHERE rrp.role_id IN(7)
                    and lower(rrp.status)='active'
                )
              AND lower(menu_type)='l' 
 Execution Time:0.00092196464538574
DB - 2018-11-26 16:45:02 --> SELECT `author_name`, `bauthor_id`
FROM `book_author_masters` `t1` 
 Execution Time:0.0003960132598877
DB - 2018-11-26 16:45:02 --> SELECT `name`, `bcategory_id`
FROM `book_category_masters` `t1` 
 Execution Time:0.00038409233093262
DB - 2018-11-26 16:45:02 --> SELECT `name`, `book_id`
FROM `books` `t1` 
 Execution Time:0.00023388862609863
DB - 2018-11-26 16:45:02 --> SELECT `floor`, `blocation_id`
FROM `book_location_masters` `t1` 
 Execution Time:0.00023102760314941
DB - 2018-11-26 16:45:02 --> SELECT `name`, `publication_id`
FROM `book_publication_masters` `t1` 
 Execution Time:0.0002448558807373
DB - 2018-11-26 16:45:02 --> select * from rbac_menu
            where menu_id in(
                select parent from rbac_menu
                where permission_id in(
                    select permission_id 
                    from rbac_role_permissions rrp
                    WHERE rrp.role_id IN(7)
                    and lower(rrp.status)='active'
                )
            )
            union all
                select * from rbac_menu
                where permission_id in(
                    select permission_id 
                    from rbac_role_permissions rrp
                    WHERE rrp.role_id IN(7)
                    and lower(rrp.status)='active'
                )
              AND lower(menu_type)='l' 
 Execution Time:0.0011119842529297
DB - 2018-11-26 16:45:14 --> SELECT `author_name`, `bauthor_id`
FROM `book_author_masters` `t1` 
 Execution Time:0.00034999847412109
DB - 2018-11-26 16:45:14 --> SELECT `name`, `bcategory_id`
FROM `book_category_masters` `t1` 
 Execution Time:0.00030708312988281
DB - 2018-11-26 16:45:14 --> SELECT `name`, `book_id`
FROM `books` `t1` 
 Execution Time:0.00018501281738281
DB - 2018-11-26 16:45:14 --> SELECT `block`, `blocation_id`
FROM `book_location_masters` `t1` 
 Execution Time:0.00019216537475586
DB - 2018-11-26 16:45:14 --> SELECT `name`, `publication_id`
FROM `book_publication_masters` `t1` 
 Execution Time:0.00018095970153809
DB - 2018-11-26 16:45:14 --> select * from rbac_menu
            where menu_id in(
                select parent from rbac_menu
                where permission_id in(
                    select permission_id 
                    from rbac_role_permissions rrp
                    WHERE rrp.role_id IN(7)
                    and lower(rrp.status)='active'
                )
            )
            union all
                select * from rbac_menu
                where permission_id in(
                    select permission_id 
                    from rbac_role_permissions rrp
                    WHERE rrp.role_id IN(7)
                    and lower(rrp.status)='active'
                )
              AND lower(menu_type)='l' 
 Execution Time:0.0011110305786133
DB - 2018-11-26 16:45:34 --> SELECT `author_name`, `bauthor_id`
FROM `book_author_masters` `t1` 
 Execution Time:0.00053000450134277
DB - 2018-11-26 16:45:34 --> SELECT `name`, `bcategory_id`
FROM `book_category_masters` `t1` 
 Execution Time:0.00036001205444336
DB - 2018-11-26 16:45:34 --> SELECT `name`, `book_id`
FROM `books` `t1` 
 Execution Time:0.0004880428314209
DB - 2018-11-26 16:45:34 --> SELECT `block`, `blocation_id`
FROM `book_location_masters` `t1` 
 Execution Time:0.0003669261932373
DB - 2018-11-26 16:45:34 --> SELECT `name`, `publication_id`
FROM `book_publication_masters` `t1` 
 Execution Time:0.0002899169921875
DB - 2018-11-26 16:45:34 --> select * from rbac_menu
            where menu_id in(
                select parent from rbac_menu
                where permission_id in(
                    select permission_id 
                    from rbac_role_permissions rrp
                    WHERE rrp.role_id IN(7)
                    and lower(rrp.status)='active'
                )
            )
            union all
                select * from rbac_menu
                where permission_id in(
                    select permission_id 
                    from rbac_role_permissions rrp
                    WHERE rrp.role_id IN(7)
                    and lower(rrp.status)='active'
                )
              AND lower(menu_type)='l' 
 Execution Time:0.00087785720825195
DB - 2018-11-26 16:45:44 --> SELECT `author_name`, `bauthor_id`
FROM `book_author_masters` `t1` 
 Execution Time:0.00040698051452637
DB - 2018-11-26 16:45:44 --> SELECT `name`, `bcategory_id`
FROM `book_category_masters` `t1` 
 Execution Time:0.00032997131347656
DB - 2018-11-26 16:45:44 --> SELECT `name`, `book_id`
FROM `books` `t1` 
 Execution Time:0.00021600723266602
DB - 2018-11-26 16:45:44 --> SELECT `block`, `blocation_id`
FROM `book_location_masters` `t1` 
 Execution Time:0.0002439022064209
DB - 2018-11-26 16:45:44 --> SELECT `name`, `publication_id`
FROM `book_publication_masters` `t1` 
 Execution Time:0.00023698806762695
DB - 2018-11-26 16:45:44 --> select * from rbac_menu
            where menu_id in(
                select parent from rbac_menu
                where permission_id in(
                    select permission_id 
                    from rbac_role_permissions rrp
                    WHERE rrp.role_id IN(7)
                    and lower(rrp.status)='active'
                )
            )
            union all
                select * from rbac_menu
                where permission_id in(
                    select permission_id 
                    from rbac_role_permissions rrp
                    WHERE rrp.role_id IN(7)
                    and lower(rrp.status)='active'
                )
              AND lower(menu_type)='l' 
 Execution Time:0.00092101097106934
DB - 2018-11-26 16:45:53 --> SELECT `author_name`, `bauthor_id`
FROM `book_author_masters` `t1` 
 Execution Time:0.00040912628173828
DB - 2018-11-26 16:45:53 --> SELECT `name`, `bcategory_id`
FROM `book_category_masters` `t1` 
 Execution Time:0.00050902366638184
DB - 2018-11-26 16:45:53 --> SELECT `name`, `book_id`
FROM `books` `t1` 
 Execution Time:0.00031018257141113
DB - 2018-11-26 16:45:53 --> SELECT `block`, `blocation_id`
FROM `book_location_masters` `t1` 
 Execution Time:0.000244140625
DB - 2018-11-26 16:45:53 --> SELECT `name`, `publication_id`
FROM `book_publication_masters` `t1` 
 Execution Time:0.00022196769714355
DB - 2018-11-26 16:45:53 --> select * from rbac_menu
            where menu_id in(
                select parent from rbac_menu
                where permission_id in(
                    select permission_id 
                    from rbac_role_permissions rrp
                    WHERE rrp.role_id IN(7)
                    and lower(rrp.status)='active'
                )
            )
            union all
                select * from rbac_menu
                where permission_id in(
                    select permission_id 
                    from rbac_role_permissions rrp
                    WHERE rrp.role_id IN(7)
                    and lower(rrp.status)='active'
                )
              AND lower(menu_type)='l' 
 Execution Time:0.0009310245513916
DB - 2018-11-26 16:46:03 --> SELECT `author_name`, `bauthor_id`
FROM `book_author_masters` `t1` 
 Execution Time:0.0004580020904541
DB - 2018-11-26 16:46:03 --> SELECT `name`, `bcategory_id`
FROM `book_category_masters` `t1` 
 Execution Time:0.0003809928894043
DB - 2018-11-26 16:46:03 --> SELECT `name`, `book_id`
FROM `books` `t1` 
 Execution Time:0.00023198127746582
DB - 2018-11-26 16:46:03 --> SELECT `block`, `blocation_id`
FROM `book_location_masters` `t1` 
 Execution Time:0.00023412704467773
DB - 2018-11-26 16:46:03 --> SELECT `name`, `publication_id`
FROM `book_publication_masters` `t1` 
 Execution Time:0.00025200843811035
DB - 2018-11-26 16:46:03 --> select * from rbac_menu
            where menu_id in(
                select parent from rbac_menu
                where permission_id in(
                    select permission_id 
                    from rbac_role_permissions rrp
                    WHERE rrp.role_id IN(7)
                    and lower(rrp.status)='active'
                )
            )
            union all
                select * from rbac_menu
                where permission_id in(
                    select permission_id 
                    from rbac_role_permissions rrp
                    WHERE rrp.role_id IN(7)
                    and lower(rrp.status)='active'
                )
              AND lower(menu_type)='l' 
 Execution Time:0.0009458065032959
DB - 2018-11-26 16:46:13 --> SELECT `author_name`, `bauthor_id`
FROM `book_author_masters` `t1` 
 Execution Time:0.0021219253540039
DB - 2018-11-26 16:46:13 --> SELECT `name`, `bcategory_id`
FROM `book_category_masters` `t1` 
 Execution Time:0.00037503242492676
DB - 2018-11-26 16:46:13 --> SELECT `name`, `book_id`
FROM `books` `t1` 
 Execution Time:0.00034999847412109
DB - 2018-11-26 16:46:13 --> SELECT `block`, `blocation_id`
FROM `book_location_masters` `t1` 
 Execution Time:0.00058603286743164
DB - 2018-11-26 16:46:13 --> SELECT `name`, `publication_id`
FROM `book_publication_masters` `t1` 
 Execution Time:0.00026202201843262
DB - 2018-11-26 16:46:13 --> select * from rbac_menu
            where menu_id in(
                select parent from rbac_menu
                where permission_id in(
                    select permission_id 
                    from rbac_role_permissions rrp
                    WHERE rrp.role_id IN(7)
                    and lower(rrp.status)='active'
                )
            )
            union all
                select * from rbac_menu
                where permission_id in(
                    select permission_id 
                    from rbac_role_permissions rrp
                    WHERE rrp.role_id IN(7)
                    and lower(rrp.status)='active'
                )
              AND lower(menu_type)='l' 
 Execution Time:0.0012400150299072
DB - 2018-11-26 16:46:29 --> SELECT `author_name`, `bauthor_id`
FROM `book_author_masters` `t1` 
 Execution Time:0.0003349781036377
DB - 2018-11-26 16:46:29 --> SELECT `name`, `bcategory_id`
FROM `book_category_masters` `t1` 
 Execution Time:0.00026798248291016
DB - 2018-11-26 16:46:29 --> SELECT `name`, `book_id`
FROM `books` `t1` 
 Execution Time:0.00017499923706055
DB - 2018-11-26 16:46:29 --> SELECT `block`, `blocation_id`
FROM `book_location_masters` `t1` 
 Execution Time:0.00028204917907715
DB - 2018-11-26 16:46:29 --> SELECT `name`, `publication_id`
FROM `book_publication_masters` `t1` 
 Execution Time:0.00099802017211914
DB - 2018-11-26 16:46:29 --> select * from rbac_menu
            where menu_id in(
                select parent from rbac_menu
                where permission_id in(
                    select permission_id 
                    from rbac_role_permissions rrp
                    WHERE rrp.role_id IN(7)
                    and lower(rrp.status)='active'
                )
            )
            union all
                select * from rbac_menu
                where permission_id in(
                    select permission_id 
                    from rbac_role_permissions rrp
                    WHERE rrp.role_id IN(7)
                    and lower(rrp.status)='active'
                )
              AND lower(menu_type)='l' 
 Execution Time:0.00086712837219238
DB - 2018-11-26 16:48:18 --> select * from rbac_menu
            where menu_id in(
                select parent from rbac_menu
                where permission_id in(
                    select permission_id 
                    from rbac_role_permissions rrp
                    WHERE rrp.role_id IN(7)
                    and lower(rrp.status)='active'
                )
            )
            union all
                select * from rbac_menu
                where permission_id in(
                    select permission_id 
                    from rbac_role_permissions rrp
                    WHERE rrp.role_id IN(7)
                    and lower(rrp.status)='active'
                )
              AND lower(menu_type)='l' 
 Execution Time:0.0013070106506348
DB - 2018-11-26 16:48:21 --> select * from rbac_menu
            where menu_id in(
                select parent from rbac_menu
                where permission_id in(
                    select permission_id 
                    from rbac_role_permissions rrp
                    WHERE rrp.role_id IN(7)
                    and lower(rrp.status)='active'
                )
            )
            union all
                select * from rbac_menu
                where permission_id in(
                    select permission_id 
                    from rbac_role_permissions rrp
                    WHERE rrp.role_id IN(7)
                    and lower(rrp.status)='active'
                )
              AND lower(menu_type)='l' 
 Execution Time:0.0025961399078369
DB - 2018-11-26 16:50:17 --> SELECT `author_name`, `bauthor_id`
FROM `book_author_masters` `t1` 
 Execution Time:0.00047993659973145
DB - 2018-11-26 16:50:17 --> SELECT `name`, `bcategory_id`
FROM `book_category_masters` `t1` 
 Execution Time:0.00031590461730957
DB - 2018-11-26 16:50:17 --> SELECT `name`, `book_id`
FROM `books` `t1` 
 Execution Time:0.00025391578674316
DB - 2018-11-26 16:50:17 --> SELECT `block`, `blocation_id`
FROM `book_location_masters` `t1` 
 Execution Time:0.00033283233642578
DB - 2018-11-26 16:50:17 --> SELECT `name`, `publication_id`
FROM `book_publication_masters` `t1` 
 Execution Time:0.00023889541625977
DB - 2018-11-26 16:50:17 --> select * from rbac_menu
            where menu_id in(
                select parent from rbac_menu
                where permission_id in(
                    select permission_id 
                    from rbac_role_permissions rrp
                    WHERE rrp.role_id IN(7)
                    and lower(rrp.status)='active'
                )
            )
            union all
                select * from rbac_menu
                where permission_id in(
                    select permission_id 
                    from rbac_role_permissions rrp
                    WHERE rrp.role_id IN(7)
                    and lower(rrp.status)='active'
                )
              AND lower(menu_type)='l' 
 Execution Time:0.0013401508331299
DB - 2018-11-26 16:50:56 --> SELECT `author_name`, `bauthor_id`
FROM `book_author_masters` `t1` 
 Execution Time:0.00037312507629395
DB - 2018-11-26 16:50:56 --> SELECT `name`, `bcategory_id`
FROM `book_category_masters` `t1` 
 Execution Time:0.00048518180847168
DB - 2018-11-26 16:50:56 --> SELECT `name`, `book_id`
FROM `books` `t1` 
 Execution Time:0.00037813186645508
DB - 2018-11-26 16:50:56 --> SELECT `block`, `blocation_id`
FROM `book_location_masters` `t1` 
 Execution Time:0.00040578842163086
DB - 2018-11-26 16:50:56 --> SELECT `name`, `publication_id`
FROM `book_publication_masters` `t1` 
 Execution Time:0.00026893615722656
DB - 2018-11-26 16:50:56 --> select * from rbac_menu
            where menu_id in(
                select parent from rbac_menu
                where permission_id in(
                    select permission_id 
                    from rbac_role_permissions rrp
                    WHERE rrp.role_id IN(7)
                    and lower(rrp.status)='active'
                )
            )
            union all
                select * from rbac_menu
                where permission_id in(
                    select permission_id 
                    from rbac_role_permissions rrp
                    WHERE rrp.role_id IN(7)
                    and lower(rrp.status)='active'
                )
              AND lower(menu_type)='l' 
 Execution Time:0.0013999938964844
DB - 2018-11-26 16:53:22 --> SELECT `author_name`, `bauthor_id`
FROM `book_author_masters` `t1` 
 Execution Time:0.00045013427734375
DB - 2018-11-26 16:53:22 --> SELECT `name`, `bcategory_id`
FROM `book_category_masters` `t1` 
 Execution Time:0.00037598609924316
DB - 2018-11-26 16:53:22 --> SELECT `name`, `book_id`
FROM `books` `t1` 
 Execution Time:0.00026798248291016
DB - 2018-11-26 16:53:22 --> SELECT `block`, `blocation_id`
FROM `book_location_masters` `t1` 
 Execution Time:0.00023293495178223
DB - 2018-11-26 16:53:22 --> SELECT `name`, `publication_id`
FROM `book_publication_masters` `t1` 
 Execution Time:0.0003209114074707
DB - 2018-11-26 16:53:22 --> select * from rbac_menu
            where menu_id in(
                select parent from rbac_menu
                where permission_id in(
                    select permission_id 
                    from rbac_role_permissions rrp
                    WHERE rrp.role_id IN(7)
                    and lower(rrp.status)='active'
                )
            )
            union all
                select * from rbac_menu
                where permission_id in(
                    select permission_id 
                    from rbac_role_permissions rrp
                    WHERE rrp.role_id IN(7)
                    and lower(rrp.status)='active'
                )
              AND lower(menu_type)='l' 
 Execution Time:0.0011370182037354
DB - 2018-11-26 16:54:01 --> SELECT `author_name`, `bauthor_id`
FROM `book_author_masters` `t1` 
 Execution Time:0.00043296813964844
DB - 2018-11-26 16:54:01 --> SELECT `name`, `bcategory_id`
FROM `book_category_masters` `t1` 
 Execution Time:0.00030517578125
DB - 2018-11-26 16:54:01 --> SELECT `name`, `book_id`
FROM `books` `t1` 
 Execution Time:0.039095878601074
DB - 2018-11-26 16:54:01 --> SELECT `block`, `blocation_id`
FROM `book_location_masters` `t1` 
 Execution Time:0.00064301490783691
DB - 2018-11-26 16:54:01 --> SELECT `name`, `publication_id`
FROM `book_publication_masters` `t1` 
 Execution Time:0.00056195259094238
DB - 2018-11-26 16:54:01 --> select * from rbac_menu
            where menu_id in(
                select parent from rbac_menu
                where permission_id in(
                    select permission_id 
                    from rbac_role_permissions rrp
                    WHERE rrp.role_id IN(7)
                    and lower(rrp.status)='active'
                )
            )
            union all
                select * from rbac_menu
                where permission_id in(
                    select permission_id 
                    from rbac_role_permissions rrp
                    WHERE rrp.role_id IN(7)
                    and lower(rrp.status)='active'
                )
              AND lower(menu_type)='l' 
 Execution Time:0.0022218227386475
DB - 2018-11-26 16:54:30 --> SELECT `author_name`, `bauthor_id`
FROM `book_author_masters` `t1` 
 Execution Time:0.00053596496582031
DB - 2018-11-26 16:54:30 --> SELECT `name`, `bcategory_id`
FROM `book_category_masters` `t1` 
 Execution Time:0.00034093856811523
DB - 2018-11-26 16:54:30 --> SELECT `name`, `book_id`
FROM `books` `t1` 
 Execution Time:0.00022697448730469
DB - 2018-11-26 16:54:30 --> SELECT `block`, `blocation_id`
FROM `book_location_masters` `t1` 
 Execution Time:0.0002140998840332
DB - 2018-11-26 16:54:30 --> SELECT `name`, `publication_id`
FROM `book_publication_masters` `t1` 
 Execution Time:0.00025582313537598
DB - 2018-11-26 16:54:30 --> select * from rbac_menu
            where menu_id in(
                select parent from rbac_menu
                where permission_id in(
                    select permission_id 
                    from rbac_role_permissions rrp
                    WHERE rrp.role_id IN(7)
                    and lower(rrp.status)='active'
                )
            )
            union all
                select * from rbac_menu
                where permission_id in(
                    select permission_id 
                    from rbac_role_permissions rrp
                    WHERE rrp.role_id IN(7)
                    and lower(rrp.status)='active'
                )
              AND lower(menu_type)='l' 
 Execution Time:0.0012650489807129
DB - 2018-11-26 16:55:09 --> SELECT `author_name`, `bauthor_id`
FROM `book_author_masters` `t1` 
 Execution Time:0.00040888786315918
DB - 2018-11-26 16:55:09 --> SELECT `name`, `bcategory_id`
FROM `book_category_masters` `t1` 
 Execution Time:0.00035190582275391
DB - 2018-11-26 16:55:09 --> SELECT `name`, `book_id`
FROM `books` `t1` 
 Execution Time:0.00044512748718262
DB - 2018-11-26 16:55:09 --> SELECT `block`, `blocation_id`
FROM `book_location_masters` `t1` 
 Execution Time:0.00024890899658203
DB - 2018-11-26 16:55:09 --> SELECT `name`, `publication_id`
FROM `book_publication_masters` `t1` 
 Execution Time:0.00024318695068359
DB - 2018-11-26 16:55:09 --> select * from rbac_menu
            where menu_id in(
                select parent from rbac_menu
                where permission_id in(
                    select permission_id 
                    from rbac_role_permissions rrp
                    WHERE rrp.role_id IN(7)
                    and lower(rrp.status)='active'
                )
            )
            union all
                select * from rbac_menu
                where permission_id in(
                    select permission_id 
                    from rbac_role_permissions rrp
                    WHERE rrp.role_id IN(7)
                    and lower(rrp.status)='active'
                )
              AND lower(menu_type)='l' 
 Execution Time:0.0010778903961182
DB - 2018-11-26 16:55:59 --> SELECT `author_name`, `bauthor_id`
FROM `book_author_masters` `t1` 
 Execution Time:0.00036501884460449
DB - 2018-11-26 16:55:59 --> SELECT `name`, `bcategory_id`
FROM `book_category_masters` `t1` 
 Execution Time:0.00032401084899902
DB - 2018-11-26 16:55:59 --> SELECT `name`, `book_id`
FROM `books` `t1` 
 Execution Time:0.00024509429931641
DB - 2018-11-26 16:55:59 --> SELECT `block`, `blocation_id`
FROM `book_location_masters` `t1` 
 Execution Time:0.00023293495178223
DB - 2018-11-26 16:55:59 --> SELECT `name`, `publication_id`
FROM `book_publication_masters` `t1` 
 Execution Time:0.0002589225769043
DB - 2018-11-26 16:55:59 --> select * from rbac_menu
            where menu_id in(
                select parent from rbac_menu
                where permission_id in(
                    select permission_id 
                    from rbac_role_permissions rrp
                    WHERE rrp.role_id IN(7)
                    and lower(rrp.status)='active'
                )
            )
            union all
                select * from rbac_menu
                where permission_id in(
                    select permission_id 
                    from rbac_role_permissions rrp
                    WHERE rrp.role_id IN(7)
                    and lower(rrp.status)='active'
                )
              AND lower(menu_type)='l' 
 Execution Time:0.001115083694458
