DB - 2018-11-21 14:52:22 --> select * from rbac_menu
            where menu_id in(
                select parent from rbac_menu
                where permission_id in(
                    select permission_id 
                    from rbac_role_permissions rrp
                    WHERE rrp.role_id IN(7)
                    and lower(rrp.status)='active'
                )
            )
            union all
                select * from rbac_menu
                where permission_id in(
                    select permission_id 
                    from rbac_role_permissions rrp
                    WHERE rrp.role_id IN(7)
                    and lower(rrp.status)='active'
                )
              AND lower(menu_type)='l' 
 Execution Time:0.069326877593994
DB - 2018-11-21 14:54:21 --> select * from rbac_menu
            where menu_id in(
                select parent from rbac_menu
                where permission_id in(
                    select permission_id 
                    from rbac_role_permissions rrp
                    WHERE rrp.role_id IN(7)
                    and lower(rrp.status)='active'
                )
            )
            union all
                select * from rbac_menu
                where permission_id in(
                    select permission_id 
                    from rbac_role_permissions rrp
                    WHERE rrp.role_id IN(7)
                    and lower(rrp.status)='active'
                )
              AND lower(menu_type)='l' 
 Execution Time:0.0014200210571289
DB - 2018-11-21 14:55:13 --> SELECT `bauthor_id`, `bauthor_id`
FROM `book_author_masters` `t1` 
 Execution Time:0.16662883758545
DB - 2018-11-21 14:55:13 --> SELECT `bcategory_id`, `bcategory_id`
FROM `book_category_masters` `t1` 
 Execution Time:0.042748212814331
DB - 2018-11-21 14:55:13 --> SELECT `book_id`, `book_id`
FROM `books` `t1` 
 Execution Time:0.014576196670532
DB - 2018-11-21 14:55:13 --> SELECT `blocation_id`, `blocation_id`
FROM `book_location_masters` `t1` 
 Execution Time:0.030731201171875
DB - 2018-11-21 14:55:13 --> SELECT `publication_id`, `publication_id`
FROM `book_publication_masters` `t1` 
 Execution Time:0.054682016372681
DB - 2018-11-21 14:55:13 --> select * from rbac_menu
            where menu_id in(
                select parent from rbac_menu
                where permission_id in(
                    select permission_id 
                    from rbac_role_permissions rrp
                    WHERE rrp.role_id IN(7)
                    and lower(rrp.status)='active'
                )
            )
            union all
                select * from rbac_menu
                where permission_id in(
                    select permission_id 
                    from rbac_role_permissions rrp
                    WHERE rrp.role_id IN(7)
                    and lower(rrp.status)='active'
                )
              AND lower(menu_type)='l' 
 Execution Time:0.00099897384643555
