DB - 2018-11-15 14:41:49 --> SELECT `ru`.`user_id`, `ru`.`mobile`, `ru`.`password`, `ru`.`email`, `ru`.`login_status`, `ru`.`status`, `ru`.`created`, `ru`.`modified`, `ru`.`created_by`, `ru`.`modified_by`, `ru`.`email`
FROM `rbac_users` `ru`
WHERE `email` = 'shiv@a.com'
AND `password` = '123456' 
 Execution Time:0.1933012008667
DB - 2018-11-15 14:41:49 --> SELECT `ru`.`user_id`, `ru`.`mobile`, `ru`.`password`, `ru`.`email`, `ru`.`login_status`, `ru`.`status`, `ru`.`created`, `ru`.`modified`, `ru`.`created_by`, `ru`.`modified_by`, `ru`.`email`
FROM `rbac_users` `ru`
WHERE `email` = 'shiv@a.com'
AND `password` = '123456' 
 Execution Time:0.00045490264892578
DB - 2018-11-15 14:41:56 --> SELECT `ru`.`user_id`, `ru`.`mobile`, `ru`.`password`, `ru`.`email`, `ru`.`login_status`, `ru`.`status`, `ru`.`created`, `ru`.`modified`, `ru`.`created_by`, `ru`.`modified_by`, `ru`.`email`
FROM `rbac_users` `ru`
WHERE `email` = 'shiv@a.com'
AND `password` = '12345678' 
 Execution Time:0.00043511390686035
DB - 2018-11-15 14:42:48 --> select * from rbac_menu
            where menu_id in(
                select parent from rbac_menu
                where permission_id in(
                    select permission_id 
                    from rbac_role_permissions rrp
                    WHERE rrp.role_id IN(7)
                    and lower(rrp.status)='active'
                )
            )
            union all
                select * from rbac_menu
                where permission_id in(
                    select permission_id 
                    from rbac_role_permissions rrp
                    WHERE rrp.role_id IN(7)
                    and lower(rrp.status)='active'
                )
              AND lower(menu_type)='l' 
 Execution Time:0.007343053817749
DB - 2018-11-15 14:43:01 --> select * from rbac_menu
            where menu_id in(
                select parent from rbac_menu
                where permission_id in(
                    select permission_id 
                    from rbac_role_permissions rrp
                    WHERE rrp.role_id IN(7)
                    and lower(rrp.status)='active'
                )
            )
            union all
                select * from rbac_menu
                where permission_id in(
                    select permission_id 
                    from rbac_role_permissions rrp
                    WHERE rrp.role_id IN(7)
                    and lower(rrp.status)='active'
                )
              AND lower(menu_type)='l' 
 Execution Time:0.0014479160308838
DB - 2018-11-15 14:43:06 --> select * from rbac_menu
            where menu_id in(
                select parent from rbac_menu
                where permission_id in(
                    select permission_id 
                    from rbac_role_permissions rrp
                    WHERE rrp.role_id IN(7)
                    and lower(rrp.status)='active'
                )
            )
            union all
                select * from rbac_menu
                where permission_id in(
                    select permission_id 
                    from rbac_role_permissions rrp
                    WHERE rrp.role_id IN(7)
                    and lower(rrp.status)='active'
                )
              AND lower(menu_type)='l' 
 Execution Time:0.0014138221740723
DB - 2018-11-15 14:43:13 --> SELECT `name`, `role_id`
FROM `rbac_roles` `t1`
WHERE `created_by` = '2' 
 Execution Time:0.00054287910461426
DB - 2018-11-15 14:43:13 --> SELECT `code`, `role_id`
FROM `rbac_roles` `t1`
WHERE `created_by` = '2' 
 Execution Time:0.00034213066101074
DB - 2018-11-15 14:43:13 --> SELECT `t1`.`role_permission_id`, `t1`.`role_id`, `t1`.`permission_id`, `t1`.`status`, `t1`.`created`, `t1`.`modified`, `rr`.`name` `role_name`, `rr`.`code` `role_code`, `rm`.`name` `module_name`, `rm`.`code` `module_code`, `ra`.`name` `action_name`, `ra`.`code` `action_code`
FROM `rbac_role_permissions` `t1`
LEFT JOIN `rbac_roles` `rr` ON `rr`.`role_id`=`t1`.`role_id`
LEFT JOIN `rbac_permissions` `rp` ON `rp`.`permission_id`=`t1`.`permission_id`
LEFT JOIN `rbac_modules` `rm` ON `rm`.`module_id`=`rp`.`module_id`
LEFT JOIN `rbac_actions` `ra` ON `ra`.`action_id`=`rp`.`action_id`
WHERE `t1`.`status` = 'active' AND `t1`.`role_id` IN(7)
ORDER BY `rr`.`name` ASC 
 Execution Time:0.0011858940124512
DB - 2018-11-15 14:43:13 --> SELECT `t1`.`role_permission_id`, `t1`.`role_id`, `t1`.`permission_id`, `t1`.`status`, `t1`.`created`, `t1`.`modified`, `rr`.`name` `role_name`, `rr`.`code` `role_code`, `rm`.`name` `module_name`, `rm`.`code` `module_code`, `ra`.`name` `action_name`, `ra`.`code` `action_code`
FROM `rbac_role_permissions` `t1`
LEFT JOIN `rbac_roles` `rr` ON `rr`.`role_id`=`t1`.`role_id`
LEFT JOIN `rbac_permissions` `rp` ON `rp`.`permission_id`=`t1`.`permission_id`
LEFT JOIN `rbac_modules` `rm` ON `rm`.`module_id`=`rp`.`module_id`
LEFT JOIN `rbac_actions` `ra` ON `ra`.`action_id`=`rp`.`action_id`
WHERE `t1`.`status` = 'active'
ORDER BY `rr`.`name` ASC 
 Execution Time:0.0010049343109131
DB - 2018-11-15 14:43:13 --> select * from rbac_menu
            where menu_id in(
                select parent from rbac_menu
                where permission_id in(
                    select permission_id 
                    from rbac_role_permissions rrp
                    WHERE rrp.role_id IN(7)
                    and lower(rrp.status)='active'
                )
            )
            union all
                select * from rbac_menu
                where permission_id in(
                    select permission_id 
                    from rbac_role_permissions rrp
                    WHERE rrp.role_id IN(7)
                    and lower(rrp.status)='active'
                )
              AND lower(menu_type)='l' 
 Execution Time:0.0023422241210938
DB - 2018-11-15 14:43:19 --> select * from rbac_menu
            where menu_id in(
                select parent from rbac_menu
                where permission_id in(
                    select permission_id 
                    from rbac_role_permissions rrp
                    WHERE rrp.role_id IN(7)
                    and lower(rrp.status)='active'
                )
            )
            union all
                select * from rbac_menu
                where permission_id in(
                    select permission_id 
                    from rbac_role_permissions rrp
                    WHERE rrp.role_id IN(7)
                    and lower(rrp.status)='active'
                )
              AND lower(menu_type)='l' 
 Execution Time:0.002316951751709
DB - 2018-11-15 14:46:55 --> select * from rbac_menu
            where menu_id in(
                select parent from rbac_menu
                where permission_id in(
                    select permission_id 
                    from rbac_role_permissions rrp
                    WHERE rrp.role_id IN(7)
                    and lower(rrp.status)='active'
                )
            )
            union all
                select * from rbac_menu
                where permission_id in(
                    select permission_id 
                    from rbac_role_permissions rrp
                    WHERE rrp.role_id IN(7)
                    and lower(rrp.status)='active'
                )
              AND lower(menu_type)='l' 
 Execution Time:0.0018479824066162
DB - 2018-11-15 14:47:06 --> select * from rbac_menu
            where menu_id in(
                select parent from rbac_menu
                where permission_id in(
                    select permission_id 
                    from rbac_role_permissions rrp
                    WHERE rrp.role_id IN(7)
                    and lower(rrp.status)='active'
                )
            )
            union all
                select * from rbac_menu
                where permission_id in(
                    select permission_id 
                    from rbac_role_permissions rrp
                    WHERE rrp.role_id IN(7)
                    and lower(rrp.status)='active'
                )
              AND lower(menu_type)='l' 
 Execution Time:0.001248836517334
DB - 2018-11-15 14:47:14 --> select * from rbac_menu
            where menu_id in(
                select parent from rbac_menu
                where permission_id in(
                    select permission_id 
                    from rbac_role_permissions rrp
                    WHERE rrp.role_id IN(7)
                    and lower(rrp.status)='active'
                )
            )
            union all
                select * from rbac_menu
                where permission_id in(
                    select permission_id 
                    from rbac_role_permissions rrp
                    WHERE rrp.role_id IN(7)
                    and lower(rrp.status)='active'
                )
              AND lower(menu_type)='l' 
 Execution Time:0.001521110534668
DB - 2018-11-15 14:47:17 --> select * from rbac_menu
            where menu_id in(
                select parent from rbac_menu
                where permission_id in(
                    select permission_id 
                    from rbac_role_permissions rrp
                    WHERE rrp.role_id IN(7)
                    and lower(rrp.status)='active'
                )
            )
            union all
                select * from rbac_menu
                where permission_id in(
                    select permission_id 
                    from rbac_role_permissions rrp
                    WHERE rrp.role_id IN(7)
                    and lower(rrp.status)='active'
                )
              AND lower(menu_type)='l' 
 Execution Time:0.0015459060668945
DB - 2018-11-15 14:47:20 --> SELECT `name`, `role_id`
FROM `rbac_roles` `t1`
WHERE `created_by` = '2' 
 Execution Time:0.00063800811767578
DB - 2018-11-15 14:47:20 --> SELECT `code`, `role_id`
FROM `rbac_roles` `t1`
WHERE `created_by` = '2' 
 Execution Time:0.00037312507629395
DB - 2018-11-15 14:47:20 --> SELECT `t1`.`role_permission_id`, `t1`.`role_id`, `t1`.`permission_id`, `t1`.`status`, `t1`.`created`, `t1`.`modified`, `rr`.`name` `role_name`, `rr`.`code` `role_code`, `rm`.`name` `module_name`, `rm`.`code` `module_code`, `ra`.`name` `action_name`, `ra`.`code` `action_code`
FROM `rbac_role_permissions` `t1`
LEFT JOIN `rbac_roles` `rr` ON `rr`.`role_id`=`t1`.`role_id`
LEFT JOIN `rbac_permissions` `rp` ON `rp`.`permission_id`=`t1`.`permission_id`
LEFT JOIN `rbac_modules` `rm` ON `rm`.`module_id`=`rp`.`module_id`
LEFT JOIN `rbac_actions` `ra` ON `ra`.`action_id`=`rp`.`action_id`
WHERE `t1`.`status` = 'active' AND `t1`.`role_id` IN(7)
ORDER BY `rr`.`name` ASC 
 Execution Time:0.0011961460113525
DB - 2018-11-15 14:47:20 --> SELECT `t1`.`role_permission_id`, `t1`.`role_id`, `t1`.`permission_id`, `t1`.`status`, `t1`.`created`, `t1`.`modified`, `rr`.`name` `role_name`, `rr`.`code` `role_code`, `rm`.`name` `module_name`, `rm`.`code` `module_code`, `ra`.`name` `action_name`, `ra`.`code` `action_code`
FROM `rbac_role_permissions` `t1`
LEFT JOIN `rbac_roles` `rr` ON `rr`.`role_id`=`t1`.`role_id`
LEFT JOIN `rbac_permissions` `rp` ON `rp`.`permission_id`=`t1`.`permission_id`
LEFT JOIN `rbac_modules` `rm` ON `rm`.`module_id`=`rp`.`module_id`
LEFT JOIN `rbac_actions` `ra` ON `ra`.`action_id`=`rp`.`action_id`
WHERE `t1`.`status` = 'active'
ORDER BY `rr`.`name` ASC 
 Execution Time:0.00093221664428711
DB - 2018-11-15 14:47:20 --> select * from rbac_menu
            where menu_id in(
                select parent from rbac_menu
                where permission_id in(
                    select permission_id 
                    from rbac_role_permissions rrp
                    WHERE rrp.role_id IN(7)
                    and lower(rrp.status)='active'
                )
            )
            union all
                select * from rbac_menu
                where permission_id in(
                    select permission_id 
                    from rbac_role_permissions rrp
                    WHERE rrp.role_id IN(7)
                    and lower(rrp.status)='active'
                )
              AND lower(menu_type)='l' 
 Execution Time:0.0015518665313721
DB - 2018-11-15 14:47:23 --> select * from rbac_menu
            where menu_id in(
                select parent from rbac_menu
                where permission_id in(
                    select permission_id 
                    from rbac_role_permissions rrp
                    WHERE rrp.role_id IN(7)
                    and lower(rrp.status)='active'
                )
            )
            union all
                select * from rbac_menu
                where permission_id in(
                    select permission_id 
                    from rbac_role_permissions rrp
                    WHERE rrp.role_id IN(7)
                    and lower(rrp.status)='active'
                )
              AND lower(menu_type)='l' 
 Execution Time:0.00095295906066895
DB - 2018-11-15 14:47:31 --> select * from rbac_menu
            where menu_id in(
                select parent from rbac_menu
                where permission_id in(
                    select permission_id 
                    from rbac_role_permissions rrp
                    WHERE rrp.role_id IN(7)
                    and lower(rrp.status)='active'
                )
            )
            union all
                select * from rbac_menu
                where permission_id in(
                    select permission_id 
                    from rbac_role_permissions rrp
                    WHERE rrp.role_id IN(7)
                    and lower(rrp.status)='active'
                )
              AND lower(menu_type)='l' 
 Execution Time:0.0014481544494629
DB - 2018-11-15 14:47:59 --> select * from rbac_menu
            where menu_id in(
                select parent from rbac_menu
                where permission_id in(
                    select permission_id 
                    from rbac_role_permissions rrp
                    WHERE rrp.role_id IN(7)
                    and lower(rrp.status)='active'
                )
            )
            union all
                select * from rbac_menu
                where permission_id in(
                    select permission_id 
                    from rbac_role_permissions rrp
                    WHERE rrp.role_id IN(7)
                    and lower(rrp.status)='active'
                )
              AND lower(menu_type)='l' 
 Execution Time:0.0011601448059082
DB - 2018-11-15 14:48:08 --> select * from rbac_menu
            where menu_id in(
                select parent from rbac_menu
                where permission_id in(
                    select permission_id 
                    from rbac_role_permissions rrp
                    WHERE rrp.role_id IN(7)
                    and lower(rrp.status)='active'
                )
            )
            union all
                select * from rbac_menu
                where permission_id in(
                    select permission_id 
                    from rbac_role_permissions rrp
                    WHERE rrp.role_id IN(7)
                    and lower(rrp.status)='active'
                )
              AND lower(menu_type)='l' 
 Execution Time:0.0010778903961182
DB - 2018-11-15 14:48:40 --> select * from rbac_menu
            where menu_id in(
                select parent from rbac_menu
                where permission_id in(
                    select permission_id 
                    from rbac_role_permissions rrp
                    WHERE rrp.role_id IN(7)
                    and lower(rrp.status)='active'
                )
            )
            union all
                select * from rbac_menu
                where permission_id in(
                    select permission_id 
                    from rbac_role_permissions rrp
                    WHERE rrp.role_id IN(7)
                    and lower(rrp.status)='active'
                )
              AND lower(menu_type)='l' 
 Execution Time:0.0010209083557129
DB - 2018-11-15 14:48:42 --> select * from rbac_menu
            where menu_id in(
                select parent from rbac_menu
                where permission_id in(
                    select permission_id 
                    from rbac_role_permissions rrp
                    WHERE rrp.role_id IN(7)
                    and lower(rrp.status)='active'
                )
            )
            union all
                select * from rbac_menu
                where permission_id in(
                    select permission_id 
                    from rbac_role_permissions rrp
                    WHERE rrp.role_id IN(7)
                    and lower(rrp.status)='active'
                )
              AND lower(menu_type)='l' 
 Execution Time:0.0012271404266357
DB - 2018-11-15 15:00:10 --> select * from rbac_menu
            where menu_id in(
                select parent from rbac_menu
                where permission_id in(
                    select permission_id 
                    from rbac_role_permissions rrp
                    WHERE rrp.role_id IN(7)
                    and lower(rrp.status)='active'
                )
            )
            union all
                select * from rbac_menu
                where permission_id in(
                    select permission_id 
                    from rbac_role_permissions rrp
                    WHERE rrp.role_id IN(7)
                    and lower(rrp.status)='active'
                )
              AND lower(menu_type)='l' 
 Execution Time:0.0016698837280273
DB - 2018-11-15 15:00:16 --> select * from rbac_menu
            where menu_id in(
                select parent from rbac_menu
                where permission_id in(
                    select permission_id 
                    from rbac_role_permissions rrp
                    WHERE rrp.role_id IN(7)
                    and lower(rrp.status)='active'
                )
            )
            union all
                select * from rbac_menu
                where permission_id in(
                    select permission_id 
                    from rbac_role_permissions rrp
                    WHERE rrp.role_id IN(7)
                    and lower(rrp.status)='active'
                )
              AND lower(menu_type)='l' 
 Execution Time:0.0014371871948242
DB - 2018-11-15 15:00:19 --> select * from rbac_menu
            where menu_id in(
                select parent from rbac_menu
                where permission_id in(
                    select permission_id 
                    from rbac_role_permissions rrp
                    WHERE rrp.role_id IN(7)
                    and lower(rrp.status)='active'
                )
            )
            union all
                select * from rbac_menu
                where permission_id in(
                    select permission_id 
                    from rbac_role_permissions rrp
                    WHERE rrp.role_id IN(7)
                    and lower(rrp.status)='active'
                )
              AND lower(menu_type)='l' 
 Execution Time:0.0020279884338379
DB - 2018-11-15 15:00:56 --> select * from rbac_menu
            where menu_id in(
                select parent from rbac_menu
                where permission_id in(
                    select permission_id 
                    from rbac_role_permissions rrp
                    WHERE rrp.role_id IN(7)
                    and lower(rrp.status)='active'
                )
            )
            union all
                select * from rbac_menu
                where permission_id in(
                    select permission_id 
                    from rbac_role_permissions rrp
                    WHERE rrp.role_id IN(7)
                    and lower(rrp.status)='active'
                )
              AND lower(menu_type)='l' 
 Execution Time:0.0036990642547607
DB - 2018-11-15 15:01:29 --> select * from rbac_menu
            where menu_id in(
                select parent from rbac_menu
                where permission_id in(
                    select permission_id 
                    from rbac_role_permissions rrp
                    WHERE rrp.role_id IN(7)
                    and lower(rrp.status)='active'
                )
            )
            union all
                select * from rbac_menu
                where permission_id in(
                    select permission_id 
                    from rbac_role_permissions rrp
                    WHERE rrp.role_id IN(7)
                    and lower(rrp.status)='active'
                )
              AND lower(menu_type)='l' 
 Execution Time:0.0015199184417725
DB - 2018-11-15 15:01:58 --> select * from rbac_menu
            where menu_id in(
                select parent from rbac_menu
                where permission_id in(
                    select permission_id 
                    from rbac_role_permissions rrp
                    WHERE rrp.role_id IN(7)
                    and lower(rrp.status)='active'
                )
            )
            union all
                select * from rbac_menu
                where permission_id in(
                    select permission_id 
                    from rbac_role_permissions rrp
                    WHERE rrp.role_id IN(7)
                    and lower(rrp.status)='active'
                )
              AND lower(menu_type)='l' 
 Execution Time:0.0012578964233398
DB - 2018-11-15 15:02:15 --> select * from rbac_menu
            where menu_id in(
                select parent from rbac_menu
                where permission_id in(
                    select permission_id 
                    from rbac_role_permissions rrp
                    WHERE rrp.role_id IN(7)
                    and lower(rrp.status)='active'
                )
            )
            union all
                select * from rbac_menu
                where permission_id in(
                    select permission_id 
                    from rbac_role_permissions rrp
                    WHERE rrp.role_id IN(7)
                    and lower(rrp.status)='active'
                )
              AND lower(menu_type)='l' 
 Execution Time:0.0015521049499512
DB - 2018-11-15 15:02:38 --> select * from rbac_menu
            where menu_id in(
                select parent from rbac_menu
                where permission_id in(
                    select permission_id 
                    from rbac_role_permissions rrp
                    WHERE rrp.role_id IN(7)
                    and lower(rrp.status)='active'
                )
            )
            union all
                select * from rbac_menu
                where permission_id in(
                    select permission_id 
                    from rbac_role_permissions rrp
                    WHERE rrp.role_id IN(7)
                    and lower(rrp.status)='active'
                )
              AND lower(menu_type)='l' 
 Execution Time:0.0017209053039551
DB - 2018-11-15 15:03:22 --> select * from rbac_menu
            where menu_id in(
                select parent from rbac_menu
                where permission_id in(
                    select permission_id 
                    from rbac_role_permissions rrp
                    WHERE rrp.role_id IN(7)
                    and lower(rrp.status)='active'
                )
            )
            union all
                select * from rbac_menu
                where permission_id in(
                    select permission_id 
                    from rbac_role_permissions rrp
                    WHERE rrp.role_id IN(7)
                    and lower(rrp.status)='active'
                )
              AND lower(menu_type)='l' 
 Execution Time:0.001309871673584
DB - 2018-11-15 15:03:28 --> select * from rbac_menu
            where menu_id in(
                select parent from rbac_menu
                where permission_id in(
                    select permission_id 
                    from rbac_role_permissions rrp
                    WHERE rrp.role_id IN(7)
                    and lower(rrp.status)='active'
                )
            )
            union all
                select * from rbac_menu
                where permission_id in(
                    select permission_id 
                    from rbac_role_permissions rrp
                    WHERE rrp.role_id IN(7)
                    and lower(rrp.status)='active'
                )
              AND lower(menu_type)='l' 
 Execution Time:0.0031189918518066
DB - 2018-11-15 15:03:37 --> select * from rbac_menu
            where menu_id in(
                select parent from rbac_menu
                where permission_id in(
                    select permission_id 
                    from rbac_role_permissions rrp
                    WHERE rrp.role_id IN(7)
                    and lower(rrp.status)='active'
                )
            )
            union all
                select * from rbac_menu
                where permission_id in(
                    select permission_id 
                    from rbac_role_permissions rrp
                    WHERE rrp.role_id IN(7)
                    and lower(rrp.status)='active'
                )
              AND lower(menu_type)='l' 
 Execution Time:0.001262903213501
DB - 2018-11-15 15:07:23 --> select * from rbac_menu
            where menu_id in(
                select parent from rbac_menu
                where permission_id in(
                    select permission_id 
                    from rbac_role_permissions rrp
                    WHERE rrp.role_id IN(7)
                    and lower(rrp.status)='active'
                )
            )
            union all
                select * from rbac_menu
                where permission_id in(
                    select permission_id 
                    from rbac_role_permissions rrp
                    WHERE rrp.role_id IN(7)
                    and lower(rrp.status)='active'
                )
              AND lower(menu_type)='l' 
 Execution Time:0.0017070770263672
