ERROR - 2018-11-15 14:40:39 --> Severity: Warning --> mysqli::real_connect(): (HY000/1049): Unknown database 'chm8nov' C:\xampp\htdocs\CHM\system\database\drivers\mysqli\mysqli_driver.php 201
ERROR - 2018-11-15 14:40:40 --> Unable to connect to the database
ERROR - 2018-11-15 14:42:48 --> 404 Page Not Found: /index
ERROR - 2018-11-15 14:42:48 --> 404 Page Not Found: /index
ERROR - 2018-11-15 14:42:48 --> 404 Page Not Found: /index
ERROR - 2018-11-15 14:42:48 --> 404 Page Not Found: /index
ERROR - 2018-11-15 14:42:48 --> 404 Page Not Found: /index
ERROR - 2018-11-15 14:43:02 --> 404 Page Not Found: /index
ERROR - 2018-11-15 14:43:02 --> 404 Page Not Found: /index
ERROR - 2018-11-15 14:43:02 --> 404 Page Not Found: /index
ERROR - 2018-11-15 14:43:02 --> 404 Page Not Found: /index
ERROR - 2018-11-15 14:43:02 --> 404 Page Not Found: /index
ERROR - 2018-11-15 14:43:06 --> 404 Page Not Found: /index
ERROR - 2018-11-15 14:43:06 --> 404 Page Not Found: /index
ERROR - 2018-11-15 14:43:13 --> 404 Page Not Found: /index
ERROR - 2018-11-15 14:43:13 --> 404 Page Not Found: /index
ERROR - 2018-11-15 14:43:13 --> 404 Page Not Found: /index
ERROR - 2018-11-15 14:43:19 --> 404 Page Not Found: /index
ERROR - 2018-11-15 14:43:19 --> 404 Page Not Found: /index
ERROR - 2018-11-15 14:43:20 --> 404 Page Not Found: /index
ERROR - 2018-11-15 14:46:56 --> 404 Page Not Found: /index
ERROR - 2018-11-15 14:46:56 --> 404 Page Not Found: /index
ERROR - 2018-11-15 14:46:56 --> 404 Page Not Found: /index
ERROR - 2018-11-15 14:46:56 --> 404 Page Not Found: /index
ERROR - 2018-11-15 14:46:56 --> 404 Page Not Found: /index
ERROR - 2018-11-15 14:46:56 --> 404 Page Not Found: /index
ERROR - 2018-11-15 14:47:06 --> 404 Page Not Found: /index
ERROR - 2018-11-15 14:47:06 --> 404 Page Not Found: /index
ERROR - 2018-11-15 14:47:06 --> 404 Page Not Found: /index
ERROR - 2018-11-15 14:47:14 --> 404 Page Not Found: /index
ERROR - 2018-11-15 14:47:14 --> 404 Page Not Found: /index
ERROR - 2018-11-15 14:47:14 --> 404 Page Not Found: /index
ERROR - 2018-11-15 14:47:14 --> 404 Page Not Found: /index
ERROR - 2018-11-15 14:47:17 --> 404 Page Not Found: /index
ERROR - 2018-11-15 14:47:17 --> 404 Page Not Found: /index
ERROR - 2018-11-15 14:47:17 --> 404 Page Not Found: /index
ERROR - 2018-11-15 14:47:17 --> 404 Page Not Found: /index
ERROR - 2018-11-15 14:47:17 --> 404 Page Not Found: /index
ERROR - 2018-11-15 14:47:20 --> 404 Page Not Found: /index
ERROR - 2018-11-15 14:47:20 --> 404 Page Not Found: /index
ERROR - 2018-11-15 14:47:23 --> 404 Page Not Found: /index
ERROR - 2018-11-15 14:47:23 --> 404 Page Not Found: /index
ERROR - 2018-11-15 14:47:31 --> 404 Page Not Found: /index
ERROR - 2018-11-15 14:47:31 --> 404 Page Not Found: /index
ERROR - 2018-11-15 14:47:59 --> 404 Page Not Found: /index
ERROR - 2018-11-15 14:47:59 --> 404 Page Not Found: /index
ERROR - 2018-11-15 14:47:59 --> 404 Page Not Found: /index
ERROR - 2018-11-15 14:47:59 --> 404 Page Not Found: /index
ERROR - 2018-11-15 14:47:59 --> 404 Page Not Found: /index
ERROR - 2018-11-15 14:48:08 --> 404 Page Not Found: /index
ERROR - 2018-11-15 14:48:09 --> 404 Page Not Found: /index
ERROR - 2018-11-15 14:48:09 --> 404 Page Not Found: /index
ERROR - 2018-11-15 14:48:40 --> 404 Page Not Found: /index
ERROR - 2018-11-15 14:48:40 --> 404 Page Not Found: /index
ERROR - 2018-11-15 14:48:40 --> 404 Page Not Found: /index
ERROR - 2018-11-15 14:48:40 --> 404 Page Not Found: /index
ERROR - 2018-11-15 14:48:40 --> 404 Page Not Found: /index
ERROR - 2018-11-15 14:48:42 --> 404 Page Not Found: /index
ERROR - 2018-11-15 14:48:42 --> 404 Page Not Found: /index
ERROR - 2018-11-15 14:48:42 --> 404 Page Not Found: /index
ERROR - 2018-11-15 14:59:28 --> 404 Page Not Found: ../modules/student/controllers//index
ERROR - 2018-11-15 14:59:33 --> Severity: error --> Exception: Unable to locate the model you have specified: Course_aca_batch_master C:\xampp\htdocs\CHM\system\core\Loader.php 348
ERROR - 2018-11-15 15:00:10 --> 404 Page Not Found: /index
ERROR - 2018-11-15 15:00:10 --> 404 Page Not Found: /index
ERROR - 2018-11-15 15:00:16 --> 404 Page Not Found: /index
ERROR - 2018-11-15 15:00:16 --> 404 Page Not Found: /index
ERROR - 2018-11-15 15:00:16 --> 404 Page Not Found: /index
ERROR - 2018-11-15 15:00:19 --> 404 Page Not Found: /index
ERROR - 2018-11-15 15:00:19 --> 404 Page Not Found: /index
ERROR - 2018-11-15 15:00:19 --> 404 Page Not Found: /index
ERROR - 2018-11-15 15:00:56 --> 404 Page Not Found: /index
ERROR - 2018-11-15 15:00:56 --> 404 Page Not Found: /index
ERROR - 2018-11-15 15:00:56 --> 404 Page Not Found: /index
ERROR - 2018-11-15 15:01:29 --> 404 Page Not Found: /index
ERROR - 2018-11-15 15:01:29 --> 404 Page Not Found: /index
ERROR - 2018-11-15 15:01:29 --> 404 Page Not Found: /index
ERROR - 2018-11-15 15:01:58 --> 404 Page Not Found: /index
ERROR - 2018-11-15 15:01:58 --> 404 Page Not Found: /index
ERROR - 2018-11-15 15:01:59 --> 404 Page Not Found: /index
ERROR - 2018-11-15 15:02:15 --> 404 Page Not Found: /index
ERROR - 2018-11-15 15:02:15 --> 404 Page Not Found: /index
ERROR - 2018-11-15 15:02:15 --> 404 Page Not Found: /index
ERROR - 2018-11-15 15:02:38 --> 404 Page Not Found: /index
ERROR - 2018-11-15 15:02:38 --> 404 Page Not Found: /index
ERROR - 2018-11-15 15:02:38 --> 404 Page Not Found: /index
ERROR - 2018-11-15 15:03:22 --> 404 Page Not Found: /index
ERROR - 2018-11-15 15:03:22 --> 404 Page Not Found: /index
ERROR - 2018-11-15 15:03:22 --> 404 Page Not Found: /index
ERROR - 2018-11-15 15:03:28 --> 404 Page Not Found: /index
ERROR - 2018-11-15 15:03:28 --> 404 Page Not Found: /index
ERROR - 2018-11-15 15:03:28 --> 404 Page Not Found: /index
ERROR - 2018-11-15 15:03:37 --> 404 Page Not Found: /index
ERROR - 2018-11-15 15:03:37 --> 404 Page Not Found: /index
ERROR - 2018-11-15 15:03:37 --> 404 Page Not Found: /index
ERROR - 2018-11-15 15:07:23 --> 404 Page Not Found: /index
ERROR - 2018-11-15 15:07:23 --> 404 Page Not Found: /index
ERROR - 2018-11-15 15:07:23 --> 404 Page Not Found: /index
