ERROR - 2018-07-29 19:20:21 --> Language file contains no data: language/english/chm_lang.php
ERROR - 2018-07-29 19:20:21 --> Language file contains no data: language/english/chm_email_lang.php
ERROR - 2018-07-29 19:20:21 --> Severity: Warning --> include(G:\xampp\htdocs\projects\chm\application\views\errors\html\error_sitedown.php): failed to open stream: No such file or directory G:\xampp\htdocs\projects\chm\system\core\Exceptions.php 182
ERROR - 2018-07-29 19:20:21 --> Severity: Warning --> include(): Failed opening 'G:\xampp\htdocs\projects\chm\application\views\errors\html\error_sitedown.php' for inclusion (include_path='G:\xampp\php\PEAR') G:\xampp\htdocs\projects\chm\system\core\Exceptions.php 182
ERROR - 2018-07-29 19:22:17 --> Language file contains no data: language/english/chm_lang.php
ERROR - 2018-07-29 19:22:17 --> Language file contains no data: language/english/chm_email_lang.php
ERROR - 2018-07-29 19:22:17 --> Severity: Warning --> include(G:\xampp\htdocs\projects\chm\application\views\errors\html\error_sitedown.php): failed to open stream: No such file or directory G:\xampp\htdocs\projects\chm\system\core\Exceptions.php 182
ERROR - 2018-07-29 19:22:17 --> Severity: Warning --> include(): Failed opening 'G:\xampp\htdocs\projects\chm\application\views\errors\html\error_sitedown.php' for inclusion (include_path='G:\xampp\php\PEAR') G:\xampp\htdocs\projects\chm\system\core\Exceptions.php 182
ERROR - 2018-07-29 19:22:52 --> Language file contains no data: language/english/chm_lang.php
ERROR - 2018-07-29 19:22:52 --> Language file contains no data: language/english/chm_email_lang.php
ERROR - 2018-07-29 19:22:53 --> 404 Page Not Found: /index
ERROR - 2018-07-29 19:22:53 --> 404 Page Not Found: /index
ERROR - 2018-07-29 19:22:53 --> 404 Page Not Found: /index
ERROR - 2018-07-29 19:22:53 --> 404 Page Not Found: /index
ERROR - 2018-07-29 19:23:11 --> Language file contains no data: language/english/chm_lang.php
ERROR - 2018-07-29 19:23:11 --> Language file contains no data: language/english/chm_email_lang.php
ERROR - 2018-07-29 19:23:12 --> 404 Page Not Found: /index
ERROR - 2018-07-29 19:23:12 --> 404 Page Not Found: /index
ERROR - 2018-07-29 19:23:12 --> 404 Page Not Found: /index
ERROR - 2018-07-29 19:23:12 --> 404 Page Not Found: /index
ERROR - 2018-07-29 19:26:07 --> Language file contains no data: language/english/chm_lang.php
ERROR - 2018-07-29 19:26:07 --> Language file contains no data: language/english/chm_email_lang.php
ERROR - 2018-07-29 19:26:07 --> 404 Page Not Found: /index
ERROR - 2018-07-29 19:26:07 --> 404 Page Not Found: /index
ERROR - 2018-07-29 19:26:49 --> Language file contains no data: language/english/chm_lang.php
ERROR - 2018-07-29 19:26:49 --> Language file contains no data: language/english/chm_email_lang.php
ERROR - 2018-07-29 19:26:50 --> 404 Page Not Found: /index
ERROR - 2018-07-29 19:27:18 --> Language file contains no data: language/english/chm_lang.php
ERROR - 2018-07-29 19:27:18 --> Language file contains no data: language/english/chm_email_lang.php
ERROR - 2018-07-29 19:29:28 --> Language file contains no data: language/english/chm_lang.php
ERROR - 2018-07-29 19:29:28 --> Language file contains no data: language/english/chm_email_lang.php
ERROR - 2018-07-29 19:29:33 --> Language file contains no data: language/english/chm_lang.php
ERROR - 2018-07-29 19:29:33 --> Language file contains no data: language/english/chm_email_lang.php
ERROR - 2018-07-29 19:29:33 --> Language file contains no data: language/english/chm_lang.php
ERROR - 2018-07-29 19:29:33 --> Language file contains no data: language/english/chm_email_lang.php
ERROR - 2018-07-29 19:29:57 --> Language file contains no data: language/english/chm_lang.php
ERROR - 2018-07-29 19:29:57 --> Language file contains no data: language/english/chm_email_lang.php
ERROR - 2018-07-29 19:29:57 --> 404 Page Not Found: /index
ERROR - 2018-07-29 19:32:02 --> Language file contains no data: language/english/chm_lang.php
ERROR - 2018-07-29 19:32:02 --> Language file contains no data: language/english/chm_email_lang.php
ERROR - 2018-07-29 19:32:02 --> 404 Page Not Found: /index
ERROR - 2018-07-29 19:33:58 --> Language file contains no data: language/english/chm_lang.php
ERROR - 2018-07-29 19:33:58 --> Language file contains no data: language/english/chm_email_lang.php
ERROR - 2018-07-29 19:34:10 --> Language file contains no data: language/english/chm_lang.php
ERROR - 2018-07-29 19:34:10 --> Language file contains no data: language/english/chm_email_lang.php
ERROR - 2018-07-29 19:35:52 --> Language file contains no data: language/english/chm_lang.php
ERROR - 2018-07-29 19:35:52 --> Language file contains no data: language/english/chm_email_lang.php
ERROR - 2018-07-29 19:35:58 --> Language file contains no data: language/english/chm_lang.php
ERROR - 2018-07-29 19:35:58 --> Language file contains no data: language/english/chm_email_lang.php
ERROR - 2018-07-29 19:35:58 --> Language file contains no data: language/english/chm_lang.php
ERROR - 2018-07-29 19:35:58 --> Language file contains no data: language/english/chm_email_lang.php
ERROR - 2018-07-29 19:36:24 --> Language file contains no data: language/english/chm_lang.php
ERROR - 2018-07-29 19:36:24 --> Language file contains no data: language/english/chm_email_lang.php
ERROR - 2018-07-29 19:37:07 --> Language file contains no data: language/english/chm_lang.php
ERROR - 2018-07-29 19:37:07 --> Language file contains no data: language/english/chm_email_lang.php
ERROR - 2018-07-29 19:37:11 --> Language file contains no data: language/english/chm_lang.php
ERROR - 2018-07-29 19:37:11 --> Language file contains no data: language/english/chm_email_lang.php
ERROR - 2018-07-29 19:37:11 --> Language file contains no data: language/english/chm_lang.php
ERROR - 2018-07-29 19:37:11 --> Language file contains no data: language/english/chm_email_lang.php
ERROR - 2018-07-29 19:37:12 --> 404 Page Not Found: /index
ERROR - 2018-07-29 19:37:12 --> 404 Page Not Found: /index
ERROR - 2018-07-29 19:37:12 --> 404 Page Not Found: /index
ERROR - 2018-07-29 19:37:12 --> 404 Page Not Found: /index
ERROR - 2018-07-29 19:37:12 --> 404 Page Not Found: /index
ERROR - 2018-07-29 19:42:01 --> Language file contains no data: language/english/chm_lang.php
ERROR - 2018-07-29 19:42:01 --> Language file contains no data: language/english/chm_email_lang.php
ERROR - 2018-07-29 19:42:02 --> 404 Page Not Found: /index
ERROR - 2018-07-29 19:42:02 --> 404 Page Not Found: /index
ERROR - 2018-07-29 19:42:02 --> 404 Page Not Found: /index
ERROR - 2018-07-29 19:42:02 --> 404 Page Not Found: /index
ERROR - 2018-07-29 19:42:02 --> 404 Page Not Found: /index
ERROR - 2018-07-29 19:43:11 --> Language file contains no data: language/english/chm_lang.php
ERROR - 2018-07-29 19:43:11 --> Language file contains no data: language/english/chm_email_lang.php
ERROR - 2018-07-29 19:43:12 --> 404 Page Not Found: /index
ERROR - 2018-07-29 19:43:12 --> 404 Page Not Found: /index
ERROR - 2018-07-29 19:43:12 --> 404 Page Not Found: /index
ERROR - 2018-07-29 19:43:12 --> 404 Page Not Found: /index
ERROR - 2018-07-29 19:43:12 --> 404 Page Not Found: /index
